Game Version: 1.108.335.1020, WickedWhims Version: v178c, , P:232 S:19 D:16
03/24/25 16:24:49 Traceback (most recent call last):
  File "T:\InGame\Gameplay\Scripts\Server\sims\masked\v178c\exception_watcher_wrapper.py", line 25, in wrapper
  File ".\WickedWhims_v178c\turbolib2\tunables\interaction\interactions.py", line 81, in _trigger_interaction_start_event
  File ".\WickedWhims_v178c\wickedwhims\sex\autonomy\interactions\technical.py", line 163, in on_interaction_start
AttributeError: 'Location' object has no attribute 'get_object_instance'

Game Version: 1.108.335.1020, WickedWhims Version: v178c, , P:232 S:19 D:16
03/24/25 16:26:23 Traceback (most recent call last):
  File "T:\InGame\Gameplay\Scripts\Server\sims\masked\v178c\exception_watcher_wrapper.py", line 25, in wrapper
  File ".\WickedWhims_v178c\turbolib2\tunables\interaction\interactions.py", line 81, in _trigger_interaction_start_event
  File ".\WickedWhims_v178c\wickedwhims\sex\integral\joining_sex\interactions.py", line 197, in on_interaction_start
  File ".\WickedWhims_v178c\wickedwhims\sex\integral\sex_handlers\active_sex\active_sex_instance.py", line 470, in get_pre_sex_instance
  File ".\WickedWhims_v178c\wickedwhims\sex\integral\sex_handlers\pre_sex\pre_sex_instance.py", line 89, in add_sim
AttributeError: 'NoneType' object has no attribute 'get_sim_id'

Game Version: 1.108.335.1020, WickedWhims Version: v178c, , P:232 S:20 D:16
04/02/25 23:26:13 Traceback (most recent call last):
  File ".\WickedWhims_v178c\wickedwhims\main\business\_ts4_business_injections.py", line 81, in _tuning_inject_new_business_types
  File ".\WickedWhims_v178c\wickedwhims\main\business\_ts4_business_injections.py", line 88, in _inject_custom_business_type_data
AttributeError: 'NoneType' object has no attribute 'bucks'

During handling of the above exception, another exception occurred:

Traceback (most recent call last):
  File ".\WickedWhims_v178c\turbolib2\events\utils\events_handler.py", line 72, in execute_event_methods
  File ".\WickedWhims_v178c\wickedwhims\main\game_handlers\tuning\tuning_basic_injection.py", line 27, in _wickedwhims_basic_tuning_injection
  File ".\WickedWhims_v178c\wickedwhims\main\business\_ts4_business_injections.py", line 83, in _tuning_inject_new_business_types
RuntimeError: WickedWhims PACKAGE file is missing or incomplete. Failed to initiate Strip Club business. From: 'NoneType' object has no attribute 'bucks'
TurboLib: [TurboLib] Failed to run '_wickedwhims_basic_tuning_injection' method from 'WickedWhims' -> RuntimeError: WickedWhims PACKAGE file is missing or incomplete. Failed to initiate Strip Club business. From: 'NoneType' object has no attribute 'bucks'

Game Version: 1.108.335.1020, WickedWhims Version: v178c, , P:232 S:20 D:16
04/10/25 14:45:17 Traceback (most recent call last):
  File ".\WickedWhims_v178c\wickedwhims\main\business\_ts4_business_injections.py", line 81, in _tuning_inject_new_business_types
  File ".\WickedWhims_v178c\wickedwhims\main\business\_ts4_business_injections.py", line 88, in _inject_custom_business_type_data
AttributeError: 'NoneType' object has no attribute 'bucks'

During handling of the above exception, another exception occurred:

Traceback (most recent call last):
  File ".\WickedWhims_v178c\turbolib2\events\utils\events_handler.py", line 72, in execute_event_methods
  File ".\WickedWhims_v178c\wickedwhims\main\game_handlers\tuning\tuning_basic_injection.py", line 27, in _wickedwhims_basic_tuning_injection
  File ".\WickedWhims_v178c\wickedwhims\main\business\_ts4_business_injections.py", line 83, in _tuning_inject_new_business_types
RuntimeError: WickedWhims PACKAGE file is missing or incomplete. Failed to initiate Strip Club business. From: 'NoneType' object has no attribute 'bucks'
TurboLib: [TurboLib] Failed to run '_wickedwhims_basic_tuning_injection' method from 'WickedWhims' -> RuntimeError: WickedWhims PACKAGE file is missing or incomplete. Failed to initiate Strip Club business. From: 'NoneType' object has no attribute 'bucks'

Game Version: 1.108.335.1020, WickedWhims Version: v178c, , P:232 S:20 D:16
04/10/25 17:54:22 Traceback (most recent call last):
  File ".\WickedWhims_v178c\wickedwhims\main\business\_ts4_business_injections.py", line 81, in _tuning_inject_new_business_types
  File ".\WickedWhims_v178c\wickedwhims\main\business\_ts4_business_injections.py", line 88, in _inject_custom_business_type_data
AttributeError: 'NoneType' object has no attribute 'bucks'

During handling of the above exception, another exception occurred:

Traceback (most recent call last):
  File ".\WickedWhims_v178c\turbolib2\events\utils\events_handler.py", line 72, in execute_event_methods
  File ".\WickedWhims_v178c\wickedwhims\main\game_handlers\tuning\tuning_basic_injection.py", line 27, in _wickedwhims_basic_tuning_injection
  File ".\WickedWhims_v178c\wickedwhims\main\business\_ts4_business_injections.py", line 83, in _tuning_inject_new_business_types
RuntimeError: WickedWhims PACKAGE file is missing or incomplete. Failed to initiate Strip Club business. From: 'NoneType' object has no attribute 'bucks'
TurboLib: [TurboLib] Failed to run '_wickedwhims_basic_tuning_injection' method from 'WickedWhims' -> RuntimeError: WickedWhims PACKAGE file is missing or incomplete. Failed to initiate Strip Club business. From: 'NoneType' object has no attribute 'bucks'

Game Version: 1.108.335.1020, WickedWhims Version: v178c, , P:232 S:20 D:16
04/10/25 20:08:25 Traceback (most recent call last):
  File ".\WickedWhims_v178c\wickedwhims\main\business\_ts4_business_injections.py", line 81, in _tuning_inject_new_business_types
  File ".\WickedWhims_v178c\wickedwhims\main\business\_ts4_business_injections.py", line 88, in _inject_custom_business_type_data
AttributeError: 'NoneType' object has no attribute 'bucks'

During handling of the above exception, another exception occurred:

Traceback (most recent call last):
  File ".\WickedWhims_v178c\turbolib2\events\utils\events_handler.py", line 72, in execute_event_methods
  File ".\WickedWhims_v178c\wickedwhims\main\game_handlers\tuning\tuning_basic_injection.py", line 27, in _wickedwhims_basic_tuning_injection
  File ".\WickedWhims_v178c\wickedwhims\main\business\_ts4_business_injections.py", line 83, in _tuning_inject_new_business_types
RuntimeError: WickedWhims PACKAGE file is missing or incomplete. Failed to initiate Strip Club business. From: 'NoneType' object has no attribute 'bucks'
TurboLib: [TurboLib] Failed to run '_wickedwhims_basic_tuning_injection' method from 'WickedWhims' -> RuntimeError: WickedWhims PACKAGE file is missing or incomplete. Failed to initiate Strip Club business. From: 'NoneType' object has no attribute 'bucks'

Game Version: 1.108.335.1020, WickedWhims Version: v178c, , P:88 S:19 D:0
04/13/25 22:59:29 Traceback (most recent call last):
  File ".\WickedWhims_v178c\wickedwhims\main\business\_ts4_business_injections.py", line 81, in _tuning_inject_new_business_types
  File ".\WickedWhims_v178c\wickedwhims\main\business\_ts4_business_injections.py", line 88, in _inject_custom_business_type_data
AttributeError: 'NoneType' object has no attribute 'bucks'

During handling of the above exception, another exception occurred:

Traceback (most recent call last):
  File ".\WickedWhims_v178c\turbolib2\events\utils\events_handler.py", line 72, in execute_event_methods
  File ".\WickedWhims_v178c\wickedwhims\main\game_handlers\tuning\tuning_basic_injection.py", line 27, in _wickedwhims_basic_tuning_injection
  File ".\WickedWhims_v178c\wickedwhims\main\business\_ts4_business_injections.py", line 83, in _tuning_inject_new_business_types
RuntimeError: WickedWhims PACKAGE file is missing or incomplete. Failed to initiate Strip Club business. From: 'NoneType' object has no attribute 'bucks'
TurboLib: [TurboLib] Failed to run '_wickedwhims_basic_tuning_injection' method from 'WickedWhims' -> RuntimeError: WickedWhims PACKAGE file is missing or incomplete. Failed to initiate Strip Club business. From: 'NoneType' object has no attribute 'bucks'

